# JRE version: OpenJDK Runtime Environment Temurin-21.0.9+10 (21.0.9+10) (build 21.0.9+10-LTS)
# Java VM: OpenJDK 64-Bit Server VM Temurin-21.0.9+10 (21.0.9+10-LTS, mixed mode, sharing, tiered, compressed oops, compressed class ptrs, g1 gc, windows-amd64)
GC Precious Log:
 CardTable entry size: 512
 Card Set container configuration: InlinePtr #cards 4 size 8 Array Of Cards #cards 16 size 48 Howl #buckets 8 coarsen threshold 3686 Howl Bitmap #cards 512 size 80 coarsen threshold 460 Card regions per heap region 1 cards per card region 4096
 CPUs: 8 total, 8 available
 Memory: 16144M
 Large Page Support: Disabled
 NUMA Support: Disabled
 Compressed Oops: Enabled (Zero based)
 Heap Region Size: 2M
 Heap Min Capacity: 8M
 Heap Initial Capacity: 254M
 Heap Max Capacity: 4038M
 Pre-touch: Disabled
 Parallel Workers: 8
 Concurrent Workers: 2
 Concurrent Refinement Workers: 8
 Periodic GC: Disabled
Heap:
 garbage-first heap   total 69632K, used 30476K [0x0000000703a00000, 0x0000000800000000)
  region size 2048K, 7 young (14336K), 2 survivors (4096K)
 Metaspace       used 35380K, committed 35840K, reserved 1114112K
  class space    used 4281K, committed 4480K, reserved 1048576K
GC Heap History (14 events):
Event: 2.136 GC heap before
{Heap before GC invocations=0 (full 0):
 garbage-first heap   total 260096K, used 22528K [0x0000000703a00000, 0x0000000800000000)
  region size 2048K, 11 young (22528K), 0 survivors (0K)
 Metaspace       used 3765K, committed 3968K, reserved 1114112K
  class space    used 330K, committed 448K, reserved 1048576K
}
Event: 2.144 GC heap after
{Heap after GC invocations=1 (full 0):
 garbage-first heap   total 260096K, used 13198K [0x0000000703a00000, 0x0000000800000000)
  region size 2048K, 2 young (4096K), 2 survivors (4096K)
 Metaspace       used 3765K, committed 3968K, reserved 1114112K
  class space    used 330K, committed 448K, reserved 1048576K
}
Event: 2.794 GC heap before
{Heap before GC invocations=1 (full 0):
 garbage-first heap   total 260096K, used 31630K [0x0000000703a00000, 0x0000000800000000)
  region size 2048K, 11 young (22528K), 2 survivors (4096K)
 Metaspace       used 6223K, committed 6400K, reserved 1114112K
  class space    used 667K, committed 768K, reserved 1048576K
}
Event: 2.799 GC heap after
{Heap after GC invocations=2 (full 0):
 garbage-first heap   total 260096K, used 13297K [0x0000000703a00000, 0x0000000800000000)
  region size 2048K, 1 young (2048K), 1 survivors (2048K)
 Metaspace       used 6223K, committed 6400K, reserved 1114112K
  class space    used 667K, committed 768K, reserved 1048576K
}
Event: 4.563 GC heap before
{Heap before GC invocations=2 (full 0):
 garbage-first heap   total 260096K, used 80881K [0x0000000703a00000, 0x0000000800000000)
  region size 2048K, 35 young (71680K), 1 survivors (2048K)
 Metaspace       used 12356K, committed 12544K, reserved 1114112K
  class space    used 1356K, committed 1472K, reserved 1048576K
}
Event: 4.567 GC heap after
{Heap after GC invocations=3 (full 0):
 garbage-first heap   total 260096K, used 15056K [0x0000000703a00000, 0x0000000800000000)
  region size 2048K, 2 young (4096K), 2 survivors (4096K)
 Metaspace       used 12356K, committed 12544K, reserved 1114112K
  class space    used 1356K, committed 1472K, reserved 1048576K
}
Event: 7.126 GC heap before
{Heap before GC invocations=3 (full 0):
 garbage-first heap   total 260096K, used 96976K [0x0000000703a00000, 0x0000000800000000)
  region size 2048K, 43 young (88064K), 2 survivors (4096K)
 Metaspace       used 21346K, committed 21504K, reserved 1114112K
  class space    used 2494K, committed 2560K, reserved 1048576K
}
Event: 7.133 GC heap after
{Heap after GC invocations=4 (full 0):
 garbage-first heap   total 260096K, used 17338K [0x0000000703a00000, 0x0000000800000000)
  region size 2048K, 3 young (6144K), 3 survivors (6144K)
 Metaspace       used 21346K, committed 21504K, reserved 1114112K
  class space    used 2494K, committed 2560K, reserved 1048576K
}
Event: 8.643 GC heap before
{Heap before GC invocations=5 (full 0):
 garbage-first heap   total 69632K, used 52154K [0x0000000703a00000, 0x0000000800000000)
  region size 2048K, 20 young (40960K), 3 survivors (6144K)
 Metaspace       used 26411K, committed 26752K, reserved 1114112K
  class space    used 3154K, committed 3328K, reserved 1048576K
}
Event: 8.655 GC heap after
{Heap after GC invocations=6 (full 0):
 garbage-first heap   total 69632K, used 18930K [0x0000000703a00000, 0x0000000800000000)
  region size 2048K, 2 young (4096K), 2 survivors (4096K)
 Metaspace       used 26411K, committed 26752K, reserved 1114112K
  class space    used 3154K, committed 3328K, reserved 1048576K
}
Event: 10.304 GC heap before
{Heap before GC invocations=6 (full 0):
 garbage-first heap   total 69632K, used 49650K [0x0000000703a00000, 0x0000000800000000)
  region size 2048K, 18 young (36864K), 2 survivors (4096K)
 Metaspace       used 30238K, committed 30656K, reserved 1114112K
  class space    used 3651K, committed 3840K, reserved 1048576K
}
Event: 10.314 GC heap after
{Heap after GC invocations=7 (full 0):
 garbage-first heap   total 69632K, used 20958K [0x0000000703a00000, 0x0000000800000000)
  region size 2048K, 2 young (4096K), 2 survivors (4096K)
 Metaspace       used 30238K, committed 30656K, reserved 1114112K
  class space    used 3651K, committed 3840K, reserved 1048576K
}
Event: 17.315 GC heap before
{Heap before GC invocations=7 (full 0):
 garbage-first heap   total 69632K, used 55774K [0x0000000703a00000, 0x0000000800000000)
  region size 2048K, 19 young (38912K), 2 survivors (4096K)
 Metaspace       used 35125K, committed 35584K, reserved 1114112K
  class space    used 4280K, committed 4480K, reserved 1048576K
}
Event: 17.324 GC heap after
{Heap after GC invocations=8 (full 0):
 garbage-first heap   total 69632K, used 22284K [0x0000000703a00000, 0x0000000800000000)
  region size 2048K, 2 young (4096K), 2 survivors (4096K)
 Metaspace       used 35125K, committed 35584K, reserved 1114112K
  class space    used 4280K, committed 4480K, reserved 1048576K
}

