<?xml version="1.0" encoding="UTF-8"?>
<testsuite xmlns:xsi="http://www.w3.org/2001/XMLSchema-instance" xsi:noNamespaceSchemaLocation="https://maven.apache.org/surefire/maven-surefire-plugin/xsd/surefire-test-report.xsd" version="3.0.1" name="com.ov.runners.OvRunnerTest" time="125.532" tests="4" errors="0" skipped="0" failures="0">
  <properties>
[...]
</properties>
  <testcase name="Login fails with invalid or empty email and password combinations #1" classname="Login_Test_Feature" time="34.999">
    <system-out><![CDATA[09:33:21.352 INFO  [OvRunnerTest &amp#27;[95m:37&amp#27;[m] &amp#27;[38;5;135m @BeforeClass-OVRunner Running one time&amp#27;[0m
09:33:21.568 INFO  [Hooks &amp#27;[95m:30&amp#27;[m] &amp#27;[38;5;54m @Before All Hooks &amp#27;[0m
09:33:21.568 INFO  [Hooks &amp#27;[95m:35&amp#27;[m] &amp#27;[1;35m Browser Setup &amp#27;[0m

@Login @Tc_01 @validate_unsuccessful_login_with_invalid_credentials @passport-neg
Scenario Outline: Login fails with invalid or empty email and password combinations &amp#27;[90m# src/test/resources/features/1_Login/0_Login.feature:17&amp#27;[0m
09:33:21.812 INFO  [Hooks &amp#27;[95m:40&amp#27;[m] &amp#27;[38;5;54mStarting scenario: Login fails with invalid or empty email and password combinations&amp#27;[0m
09:33:21.812 INFO  [Driver &amp#27;[95m:60&amp#27;[m] Launching Browser → CHROME-HEADLESS
09:33:23.495 INFO  [ConfigurationReader &amp#27;[95m:22&amp#27;[m] &amp#27;[38;5;201m****************** Current Profile: null******************&amp#27;[0m
09:33:23.496 INFO  [ConfigurationReader &amp#27;[95m:29&amp#27;[m] Current configFile =Configuration.properties
jQuery not detected or error occurred. Skipping AJAX wait.
09:33:23.712 INFO  [Hooks &amp#27;[95m:47&amp#27;[m] &amp#27;[38;5;54m @Before Step Hooks &amp#27;[0m
  
  
09:33:23.718 INFO  [StepNameListener &amp#27;[95m:36&amp#27;[m] &amp#27;[38;5;208m================================================================&amp#27;[0m
09:33:23.719 WARN  [StepNameListener &amp#27;[95m:37&amp#27;[m] &amp#27;[38;5;208mExecuting step: Navigate to the login page.
09:33:23.719 INFO  [StepNameListener &amp#27;[95m:38&amp#27;[m] &amp#27;[38;5;208m================================================================&amp#27;[0m
  
09:33:23.742 INFO  [HomePage_Passport &amp#27;[95m:299&amp#27;[m] clicking on login button from homepage
  &amp#27;[32mGiven &amp#27;[0m&amp#27;[32mNavigate to the login page.&amp#27;[0m                                                 &amp#27;[90m# com.ov.step_definitions.LogInStepDefinition.navigate_to_the_login_page()&amp#27;[0m
09:33:34.597 INFO  [Hooks &amp#27;[95m:53&amp#27;[m] &amp#27;[38;5;54m  @after step hook &amp#27;[0m

    Embedding Login_fails_with_invalid_or_empty_email_and_password_combinations_1769103214598 [image/png 79647 bytes]

09:33:34.697 INFO  [Hooks &amp#27;[95m:47&amp#27;[m] &amp#27;[38;5;54m @Before Step Hooks &amp#27;[0m
  
  
09:33:34.698 INFO  [StepNameListener &amp#27;[95m:36&amp#27;[m] &amp#27;[38;5;208m================================================================&amp#27;[0m
09:33:34.699 WARN  [StepNameListener &amp#27;[95m:37&amp#27;[m] &amp#27;[38;5;208mExecuting step: User enters "invalid@email" in the username field
09:33:34.699 INFO  [StepNameListener &amp#27;[95m:38&amp#27;[m] &amp#27;[38;5;208m================================================================&amp#27;[0m
  
  &amp#27;[32mWhen &amp#27;[0m&amp#27;[32mUser enters &amp#27;[0m&amp#27;[32m&amp#27;[1m"invalid@email"&amp#27;[0m&amp#27;[32m in the username field&amp#27;[0m                            &amp#27;[90m# com.ov.step_definitions.LogInStepDefinition.user_enters_in_the_username_field(java.lang.String)&amp#27;[0m
09:33:34.877 INFO  [Hooks &amp#27;[95m:53&amp#27;[m] &amp#27;[38;5;54m  @after step hook &amp#27;[0m

    Embedding Login_fails_with_invalid_or_empty_email_and_password_combinations_1769103214877 [image/png 80616 bytes]

09:33:34.968 INFO  [Hooks &amp#27;[95m:47&amp#27;[m] &amp#27;[38;5;54m @Before Step Hooks &amp#27;[0m
  
  
09:33:34.970 INFO  [StepNameListener &amp#27;[95m:36&amp#27;[m] &amp#27;[38;5;208m================================================================&amp#27;[0m
09:33:34.970 WARN  [StepNameListener &amp#27;[95m:37&amp#27;[m] &amp#27;[38;5;208mExecuting step: User enters "wrong123" in the password field
09:33:34.970 INFO  [StepNameListener &amp#27;[95m:38&amp#27;[m] &amp#27;[38;5;208m================================================================&amp#27;[0m
  
  &amp#27;[32mAnd &amp#27;[0m&amp#27;[32mUser enters &amp#27;[0m&amp#27;[32m&amp#27;[1m"wrong123"&amp#27;[0m&amp#27;[32m in the password field&amp#27;[0m                                  &amp#27;[90m# com.ov.step_definitions.LogInStepDefinition.user_enters_in_the_password_field(java.lang.String)&amp#27;[0m
09:33:35.116 INFO  [Hooks &amp#27;[95m:53&amp#27;[m] &amp#27;[38;5;54m  @after step hook &amp#27;[0m

    Embedding Login_fails_with_invalid_or_empty_email_and_password_combinations_1769103215116 [image/png 81623 bytes]

09:33:35.202 INFO  [Hooks &amp#27;[95m:47&amp#27;[m] &amp#27;[38;5;54m @Before Step Hooks &amp#27;[0m
  
  
09:33:35.203 INFO  [StepNameListener &amp#27;[95m:36&amp#27;[m] &amp#27;[38;5;208m================================================================&amp#27;[0m
09:33:35.206 WARN  [StepNameListener &amp#27;[95m:37&amp#27;[m] &amp#27;[38;5;208mExecuting step: User clicks on the Login button
09:33:35.206 INFO  [StepNameListener &amp#27;[95m:38&amp#27;[m] &amp#27;[38;5;208m================================================================&amp#27;[0m
  
  &amp#27;[32mAnd &amp#27;[0m&amp#27;[32mUser clicks on the Login button&amp#27;[0m                                               &amp#27;[90m# com.ov.step_definitions.LogInStepDefinition.user_clicks_on_the_login_button()&amp#27;[0m
09:33:45.715 INFO  [Hooks &amp#27;[95m:53&amp#27;[m] &amp#27;[38;5;54m  @after step hook &amp#27;[0m

    Embedding Login_fails_with_invalid_or_empty_email_and_password_combinations_1769103225715 [image/png 84873 bytes]

09:33:45.833 INFO  [Hooks &amp#27;[95m:47&amp#27;[m] &amp#27;[38;5;54m @Before Step Hooks &amp#27;[0m
  
  
09:33:45.836 INFO  [StepNameListener &amp#27;[95m:36&amp#27;[m] &amp#27;[38;5;208m================================================================&amp#27;[0m
09:33:45.836 WARN  [StepNameListener &amp#27;[95m:37&amp#27;[m] &amp#27;[38;5;208mExecuting step: User should see a login error or validation message
09:33:45.837 INFO  [StepNameListener &amp#27;[95m:38&amp#27;[m] &amp#27;[38;5;208m================================================================&amp#27;[0m
  
09:33:45.936 INFO  [LogInStepDefinition &amp#27;[95m:49&amp#27;[m] Login error/validation message displayed: [Wrong email or password]
  &amp#27;[32mThen &amp#27;[0m&amp#27;[32mUser should see a login error or validation message&amp#27;[0m                          &amp#27;[90m# com.ov.step_definitions.LogInStepDefinition.user_should_see_a_login_error_or_validation_message()&amp#27;[0m
09:33:45.939 INFO  [Hooks &amp#27;[95m:53&amp#27;[m] &amp#27;[38;5;54m  @after step hook &amp#27;[0m

    Embedding Login_fails_with_invalid_or_empty_email_and_password_combinations_1769103225939 [image/png 82878 bytes]

09:33:46.042 INFO  [Hooks &amp#27;[95m:47&amp#27;[m] &amp#27;[38;5;54m @Before Step Hooks &amp#27;[0m
  
  
09:33:46.045 INFO  [StepNameListener &amp#27;[95m:36&amp#27;[m] &amp#27;[38;5;208m================================================================&amp#27;[0m
09:33:46.045 WARN  [StepNameListener &amp#27;[95m:37&amp#27;[m] &amp#27;[38;5;208mExecuting step: User should remain on the Login page
09:33:46.045 INFO  [StepNameListener &amp#27;[95m:38&amp#27;[m] &amp#27;[38;5;208m================================================================&amp#27;[0m
  
  &amp#27;[32mAnd &amp#27;[0m&amp#27;[32mUser should remain on the Login page&amp#27;[0m                                          &amp#27;[90m# com.ov.step_definitions.LogInStepDefinition.user_should_remain_on_the_login_page()&amp#27;[0m
09:33:56.146 INFO  [Hooks &amp#27;[95m:53&amp#27;[m] &amp#27;[38;5;54m  @after step hook &amp#27;[0m

    Embedding Login_fails_with_invalid_or_empty_email_and_password_combinations_1769103236147 [image/png 82864 bytes]

09:33:56.219 INFO  [Hooks &amp#27;[95m:61&amp#27;[m] &amp#27;[38;5;54m @after hook &amp#27;[0m
09:33:56.220 INFO  [Hooks &amp#27;[95m:62&amp#27;[m] &amp#27;[32;1m================================================================&amp#27;[0m
09:33:56.223 INFO  [Hooks &amp#27;[95m:64&amp#27;[m] &amp#27;[38;5;54mLogin fails with invalid or empty email and password combinations :- Status - PASSED&amp#27;[0m
09:33:56.224 INFO  [Hooks &amp#27;[95m:65&amp#27;[m] &amp#27;[32;1m================================================================&amp#27;[0m
]]></system-out>
    <system-err><![CDATA[Jan 22, 2026 9:33:23 AM org.openqa.selenium.devtools.CdpVersionFinder findNearestMatch
WARNING: Unable to find CDP implementation matching 144
Jan 22, 2026 9:33:23 AM org.openqa.selenium.chromium.ChromiumDriver lambda$new$4
WARNING: Unable to find version of CDP to use for 144.0.7559.59. You may need to include a dependency on a specific version of the CDP using something similar to `org.seleniumhq.selenium:selenium-devtools-v86:4.35.0` where the version ("v86") matches the version of the chromium-based browser you're using and the version number of the artifact is the same as Selenium's.
]]></system-err>
  </testcase>
  <testcase name="04_User logs in successfully with valid credentials." classname="Login_Test_Feature" time="18.509">
    <system-out><![CDATA[
@Login @Tc_02 @validate_successful_login_with_valid_credentials @passport-pos
Scenario: 04_User logs in successfully with valid credentials.        &amp#27;[90m# src/test/resources/features/1_Login/0_Login.feature:21&amp#27;[0m
09:33:56.629 INFO  [Hooks &amp#27;[95m:40&amp#27;[m] &amp#27;[38;5;54mStarting scenario: 04_User logs in successfully with valid credentials.&amp#27;[0m
09:33:56.629 INFO  [Driver &amp#27;[95m:60&amp#27;[m] Launching Browser → CHROME-HEADLESS
jQuery not detected or error occurred. Skipping AJAX wait.
09:33:57.735 INFO  [Hooks &amp#27;[95m:47&amp#27;[m] &amp#27;[38;5;54m @Before Step Hooks &amp#27;[0m
  
  
09:33:57.736 INFO  [StepNameListener &amp#27;[95m:36&amp#27;[m] &amp#27;[38;5;208m================================================================&amp#27;[0m
09:33:57.737 WARN  [StepNameListener &amp#27;[95m:37&amp#27;[m] &amp#27;[38;5;208mExecuting step: Navigate to the login page.
09:33:57.737 INFO  [StepNameListener &amp#27;[95m:38&amp#27;[m] &amp#27;[38;5;208m================================================================&amp#27;[0m
  
09:33:57.738 INFO  [HomePage_Passport &amp#27;[95m:299&amp#27;[m] clicking on login button from homepage
  &amp#27;[32mGiven &amp#27;[0m&amp#27;[32mNavigate to the login page.&amp#27;[0m                                   &amp#27;[90m# com.ov.step_definitions.LogInStepDefinition.navigate_to_the_login_page()&amp#27;[0m
09:34:08.992 INFO  [Hooks &amp#27;[95m:53&amp#27;[m] &amp#27;[38;5;54m  @after step hook &amp#27;[0m

    Embedding 04_User_logs_in_successfully_with_valid_credentials._1769103248992 [image/png 79647 bytes]

09:34:09.093 INFO  [Hooks &amp#27;[95m:47&amp#27;[m] &amp#27;[38;5;54m @Before Step Hooks &amp#27;[0m
  
  
09:34:09.094 INFO  [StepNameListener &amp#27;[95m:36&amp#27;[m] &amp#27;[38;5;208m================================================================&amp#27;[0m
09:34:09.094 WARN  [StepNameListener &amp#27;[95m:37&amp#27;[m] &amp#27;[38;5;208mExecuting step: Enter a valid username and password
09:34:09.094 INFO  [StepNameListener &amp#27;[95m:38&amp#27;[m] &amp#27;[38;5;208m================================================================&amp#27;[0m
  
09:34:09.095 INFO  [LogInStepDefinition &amp#27;[95m:102&amp#27;[m] password and username filled up
  &amp#27;[32mAnd &amp#27;[0m&amp#27;[32mEnter a valid username and password&amp#27;[0m                             &amp#27;[90m# com.ov.step_definitions.LogInStepDefinition.enter_a_valid_username_and_password()&amp#27;[0m
09:34:09.366 INFO  [Hooks &amp#27;[95m:53&amp#27;[m] &amp#27;[38;5;54m  @after step hook &amp#27;[0m

    Embedding 04_User_logs_in_successfully_with_valid_credentials._1769103249366 [image/png 82899 bytes]

09:34:09.468 INFO  [Hooks &amp#27;[95m:47&amp#27;[m] &amp#27;[38;5;54m @Before Step Hooks &amp#27;[0m
  
  
09:34:09.469 INFO  [StepNameListener &amp#27;[95m:36&amp#27;[m] &amp#27;[38;5;208m================================================================&amp#27;[0m
09:34:09.469 WARN  [StepNameListener &amp#27;[95m:37&amp#27;[m] &amp#27;[38;5;208mExecuting step: Click the "Login" button.
09:34:09.469 INFO  [StepNameListener &amp#27;[95m:38&amp#27;[m] &amp#27;[38;5;208m================================================================&amp#27;[0m
  
  &amp#27;[32mWhen &amp#27;[0m&amp#27;[32mClick the &amp#27;[0m&amp#27;[32m&amp#27;[1m"Login"&amp#27;[0m&amp#27;[32m button.&amp#27;[0m                                      &amp#27;[90m# com.ov.step_definitions.LogInStepDefinition.click_the_button(java.lang.String)&amp#27;[0m
09:34:14.491 INFO  [Hooks &amp#27;[95m:53&amp#27;[m] &amp#27;[38;5;54m  @after step hook &amp#27;[0m

    Embedding 04_User_logs_in_successfully_with_valid_credentials._1769103254493 [image/png 72416 bytes]

09:34:14.663 INFO  [Hooks &amp#27;[95m:47&amp#27;[m] &amp#27;[38;5;54m @Before Step Hooks &amp#27;[0m
  
  
09:34:14.664 INFO  [StepNameListener &amp#27;[95m:36&amp#27;[m] &amp#27;[38;5;208m================================================================&amp#27;[0m
09:34:14.665 WARN  [StepNameListener &amp#27;[95m:37&amp#27;[m] &amp#27;[38;5;208mExecuting step: Verify that the user is redirected to the Community Dashboard.
09:34:14.665 INFO  [StepNameListener &amp#27;[95m:38&amp#27;[m] &amp#27;[38;5;208m================================================================&amp#27;[0m
  
  &amp#27;[32mThen &amp#27;[0m&amp#27;[32mVerify that the user is redirected to the Community Dashboard.&amp#27;[0m &amp#27;[90m# com.ov.step_definitions.LogInStepDefinition.verify_that_the_user_is_redirected_to_the_community_dashboard()&amp#27;[0m
09:34:14.682 INFO  [Hooks &amp#27;[95m:53&amp#27;[m] &amp#27;[38;5;54m  @after step hook &amp#27;[0m

    Embedding 04_User_logs_in_successfully_with_valid_credentials._1769103254683 [image/png 72352 bytes]

09:34:14.792 INFO  [Hooks &amp#27;[95m:61&amp#27;[m] &amp#27;[38;5;54m @after hook &amp#27;[0m
09:34:14.793 INFO  [Hooks &amp#27;[95m:62&amp#27;[m] &amp#27;[32;1m================================================================&amp#27;[0m
09:34:14.793 INFO  [Hooks &amp#27;[95m:64&amp#27;[m] &amp#27;[38;5;54m04_User logs in successfully with valid credentials. :- Status - PASSED&amp#27;[0m
09:34:14.793 INFO  [Hooks &amp#27;[95m:65&amp#27;[m] &amp#27;[32;1m================================================================&amp#27;[0m
]]></system-out>
    <system-err><![CDATA[Jan 22, 2026 9:33:57 AM org.openqa.selenium.devtools.CdpVersionFinder findNearestMatch
WARNING: Unable to find CDP implementation matching 144
Jan 22, 2026 9:33:57 AM org.openqa.selenium.chromium.ChromiumDriver lambda$new$4
WARNING: Unable to find version of CDP to use for 144.0.7559.59. You may need to include a dependency on a specific version of the CDP using something similar to `org.seleniumhq.selenium:selenium-devtools-v86:4.35.0` where the version ("v86") matches the version of the chromium-based browser you're using and the version number of the artifact is the same as Selenium's.
]]></system-err>
  </testcase>
  <testcase name="Login fails with invalid or empty email and password combinations #2" classname="Login_Test_Feature" time="34.207">
    <system-out><![CDATA[
@Login @Tc_03 @validate_unsuccessful_login_with_invalid_email_and_valid_password @passport-neg
Scenario Outline: Login fails with invalid or empty email and password combinations &amp#27;[90m# src/test/resources/features/1_Login/0_Login.feature:37&amp#27;[0m
09:34:15.136 INFO  [Hooks &amp#27;[95m:40&amp#27;[m] &amp#27;[38;5;54mStarting scenario: Login fails with invalid or empty email and password combinations&amp#27;[0m
09:34:15.137 INFO  [Driver &amp#27;[95m:60&amp#27;[m] Launching Browser → CHROME-HEADLESS
jQuery not detected or error occurred. Skipping AJAX wait.
09:34:16.501 INFO  [Hooks &amp#27;[95m:47&amp#27;[m] &amp#27;[38;5;54m @Before Step Hooks &amp#27;[0m
  
  
09:34:16.502 INFO  [StepNameListener &amp#27;[95m:36&amp#27;[m] &amp#27;[38;5;208m================================================================&amp#27;[0m
09:34:16.502 WARN  [StepNameListener &amp#27;[95m:37&amp#27;[m] &amp#27;[38;5;208mExecuting step: Navigate to the login page.
09:34:16.502 INFO  [StepNameListener &amp#27;[95m:38&amp#27;[m] &amp#27;[38;5;208m================================================================&amp#27;[0m
  
09:34:16.503 INFO  [HomePage_Passport &amp#27;[95m:299&amp#27;[m] clicking on login button from homepage
  &amp#27;[32mGiven &amp#27;[0m&amp#27;[32mNavigate to the login page.&amp#27;[0m                                                 &amp#27;[90m# com.ov.step_definitions.LogInStepDefinition.navigate_to_the_login_page()&amp#27;[0m
09:34:27.547 INFO  [Hooks &amp#27;[95m:53&amp#27;[m] &amp#27;[38;5;54m  @after step hook &amp#27;[0m

    Embedding Login_fails_with_invalid_or_empty_email_and_password_combinations_1769103267547 [image/png 79647 bytes]

09:34:27.644 INFO  [Hooks &amp#27;[95m:47&amp#27;[m] &amp#27;[38;5;54m @Before Step Hooks &amp#27;[0m
  
  
09:34:27.645 INFO  [StepNameListener &amp#27;[95m:36&amp#27;[m] &amp#27;[38;5;208m================================================================&amp#27;[0m
09:34:27.645 WARN  [StepNameListener &amp#27;[95m:37&amp#27;[m] &amp#27;[38;5;208mExecuting step: User enters "invalid@email" in the username field
09:34:27.645 INFO  [StepNameListener &amp#27;[95m:38&amp#27;[m] &amp#27;[38;5;208m================================================================&amp#27;[0m
  
  &amp#27;[32mWhen &amp#27;[0m&amp#27;[32mUser enters &amp#27;[0m&amp#27;[32m&amp#27;[1m"invalid@email"&amp#27;[0m&amp#27;[32m in the username field&amp#27;[0m                            &amp#27;[90m# com.ov.step_definitions.LogInStepDefinition.user_enters_in_the_username_field(java.lang.String)&amp#27;[0m
09:34:27.798 INFO  [Hooks &amp#27;[95m:53&amp#27;[m] &amp#27;[38;5;54m  @after step hook &amp#27;[0m

    Embedding Login_fails_with_invalid_or_empty_email_and_password_combinations_1769103267799 [image/png 80616 bytes]

09:34:27.876 INFO  [Hooks &amp#27;[95m:47&amp#27;[m] &amp#27;[38;5;54m @Before Step Hooks &amp#27;[0m
  
  
09:34:27.877 INFO  [StepNameListener &amp#27;[95m:36&amp#27;[m] &amp#27;[38;5;208m================================================================&amp#27;[0m
09:34:27.877 WARN  [StepNameListener &amp#27;[95m:37&amp#27;[m] &amp#27;[38;5;208mExecuting step: User enters "Remyliam@2017" in the password field
09:34:27.877 INFO  [StepNameListener &amp#27;[95m:38&amp#27;[m] &amp#27;[38;5;208m================================================================&amp#27;[0m
  
  &amp#27;[32mAnd &amp#27;[0m&amp#27;[32mUser enters &amp#27;[0m&amp#27;[32m&amp#27;[1m"Remyliam@2017"&amp#27;[0m&amp#27;[32m in the password field&amp#27;[0m                             &amp#27;[90m# com.ov.step_definitions.LogInStepDefinition.user_enters_in_the_password_field(java.lang.String)&amp#27;[0m
09:34:28.139 INFO  [Hooks &amp#27;[95m:53&amp#27;[m] &amp#27;[38;5;54m  @after step hook &amp#27;[0m

    Embedding Login_fails_with_invalid_or_empty_email_and_password_combinations_1769103268139 [image/png 81712 bytes]

09:34:28.219 INFO  [Hooks &amp#27;[95m:47&amp#27;[m] &amp#27;[38;5;54m @Before Step Hooks &amp#27;[0m
  
  
09:34:28.221 INFO  [StepNameListener &amp#27;[95m:36&amp#27;[m] &amp#27;[38;5;208m================================================================&amp#27;[0m
09:34:28.221 WARN  [StepNameListener &amp#27;[95m:37&amp#27;[m] &amp#27;[38;5;208mExecuting step: User clicks on the Login button
09:34:28.222 INFO  [StepNameListener &amp#27;[95m:38&amp#27;[m] &amp#27;[38;5;208m================================================================&amp#27;[0m
  
  &amp#27;[32mAnd &amp#27;[0m&amp#27;[32mUser clicks on the Login button&amp#27;[0m                                               &amp#27;[90m# com.ov.step_definitions.LogInStepDefinition.user_clicks_on_the_login_button()&amp#27;[0m
09:34:38.595 INFO  [Hooks &amp#27;[95m:53&amp#27;[m] &amp#27;[38;5;54m  @after step hook &amp#27;[0m

    Embedding Login_fails_with_invalid_or_empty_email_and_password_combinations_1769103278595 [image/png 84875 bytes]

09:34:38.719 INFO  [Hooks &amp#27;[95m:47&amp#27;[m] &amp#27;[38;5;54m @Before Step Hooks &amp#27;[0m
  
  
09:34:38.721 INFO  [StepNameListener &amp#27;[95m:36&amp#27;[m] &amp#27;[38;5;208m================================================================&amp#27;[0m
09:34:38.721 WARN  [StepNameListener &amp#27;[95m:37&amp#27;[m] &amp#27;[38;5;208mExecuting step: User should see a login error or validation message
09:34:38.721 INFO  [StepNameListener &amp#27;[95m:38&amp#27;[m] &amp#27;[38;5;208m================================================================&amp#27;[0m
  
09:34:38.799 INFO  [LogInStepDefinition &amp#27;[95m:49&amp#27;[m] Login error/validation message displayed: [Wrong email or password]
  &amp#27;[32mThen &amp#27;[0m&amp#27;[32mUser should see a login error or validation message&amp#27;[0m                          &amp#27;[90m# com.ov.step_definitions.LogInStepDefinition.user_should_see_a_login_error_or_validation_message()&amp#27;[0m
09:34:38.803 INFO  [Hooks &amp#27;[95m:53&amp#27;[m] &amp#27;[38;5;54m  @after step hook &amp#27;[0m

    Embedding Login_fails_with_invalid_or_empty_email_and_password_combinations_1769103278803 [image/png 82878 bytes]

09:34:38.879 INFO  [Hooks &amp#27;[95m:47&amp#27;[m] &amp#27;[38;5;54m @Before Step Hooks &amp#27;[0m
  
  
09:34:38.879 INFO  [StepNameListener &amp#27;[95m:36&amp#27;[m] &amp#27;[38;5;208m================================================================&amp#27;[0m
09:34:38.879 WARN  [StepNameListener &amp#27;[95m:37&amp#27;[m] &amp#27;[38;5;208mExecuting step: User should remain on the Login page
09:34:38.881 INFO  [StepNameListener &amp#27;[95m:38&amp#27;[m] &amp#27;[38;5;208m================================================================&amp#27;[0m
  
  &amp#27;[32mAnd &amp#27;[0m&amp#27;[32mUser should remain on the Login page&amp#27;[0m                                          &amp#27;[90m# com.ov.step_definitions.LogInStepDefinition.user_should_remain_on_the_login_page()&amp#27;[0m
09:34:48.933 INFO  [Hooks &amp#27;[95m:53&amp#27;[m] &amp#27;[38;5;54m  @after step hook &amp#27;[0m

    Embedding Login_fails_with_invalid_or_empty_email_and_password_combinations_1769103288934 [image/png 82864 bytes]

09:34:49.006 INFO  [Hooks &amp#27;[95m:61&amp#27;[m] &amp#27;[38;5;54m @after hook &amp#27;[0m
09:34:49.008 INFO  [Hooks &amp#27;[95m:62&amp#27;[m] &amp#27;[32;1m================================================================&amp#27;[0m
09:34:49.008 INFO  [Hooks &amp#27;[95m:64&amp#27;[m] &amp#27;[38;5;54mLogin fails with invalid or empty email and password combinations :- Status - PASSED&amp#27;[0m
09:34:49.008 INFO  [Hooks &amp#27;[95m:65&amp#27;[m] &amp#27;[32;1m================================================================&amp#27;[0m
]]></system-out>
    <system-err><![CDATA[Jan 22, 2026 9:34:16 AM org.openqa.selenium.devtools.CdpVersionFinder findNearestMatch
WARNING: Unable to find CDP implementation matching 144
Jan 22, 2026 9:34:16 AM org.openqa.selenium.chromium.ChromiumDriver lambda$new$4
WARNING: Unable to find version of CDP to use for 144.0.7559.59. You may need to include a dependency on a specific version of the CDP using something similar to `org.seleniumhq.selenium:selenium-devtools-v86:4.35.0` where the version ("v86") matches the version of the chromium-based browser you're using and the version number of the artifact is the same as Selenium's.
]]></system-err>
  </testcase>
  <testcase name="Login fails with invalid or empty email and password combinations #3" classname="Login_Test_Feature" time="33.696">
    <system-out><![CDATA[
@Login @Tc_04 @validate_unsuccessful_login_with_valid_email_and_invalid_password @passport-neg
Scenario Outline: Login fails with invalid or empty email and password combinations &amp#27;[90m# src/test/resources/features/1_Login/0_Login.feature:49&amp#27;[0m
09:34:49.341 INFO  [Hooks &amp#27;[95m:40&amp#27;[m] &amp#27;[38;5;54mStarting scenario: Login fails with invalid or empty email and password combinations&amp#27;[0m
09:34:49.341 INFO  [Driver &amp#27;[95m:60&amp#27;[m] Launching Browser → CHROME-HEADLESS
jQuery not detected or error occurred. Skipping AJAX wait.
09:34:50.506 INFO  [Hooks &amp#27;[95m:47&amp#27;[m] &amp#27;[38;5;54m @Before Step Hooks &amp#27;[0m
  
  
09:34:50.507 INFO  [StepNameListener &amp#27;[95m:36&amp#27;[m] &amp#27;[38;5;208m================================================================&amp#27;[0m
09:34:50.508 WARN  [StepNameListener &amp#27;[95m:37&amp#27;[m] &amp#27;[38;5;208mExecuting step: Navigate to the login page.
09:34:50.508 INFO  [StepNameListener &amp#27;[95m:38&amp#27;[m] &amp#27;[38;5;208m================================================================&amp#27;[0m
  
09:34:50.509 INFO  [HomePage_Passport &amp#27;[95m:299&amp#27;[m] clicking on login button from homepage
  &amp#27;[32mGiven &amp#27;[0m&amp#27;[32mNavigate to the login page.&amp#27;[0m                                                 &amp#27;[90m# com.ov.step_definitions.LogInStepDefinition.navigate_to_the_login_page()&amp#27;[0m
09:35:01.486 INFO  [Hooks &amp#27;[95m:53&amp#27;[m] &amp#27;[38;5;54m  @after step hook &amp#27;[0m

    Embedding Login_fails_with_invalid_or_empty_email_and_password_combinations_1769103301486 [image/png 79647 bytes]

09:35:01.593 INFO  [Hooks &amp#27;[95m:47&amp#27;[m] &amp#27;[38;5;54m @Before Step Hooks &amp#27;[0m
  
  
09:35:01.595 INFO  [StepNameListener &amp#27;[95m:36&amp#27;[m] &amp#27;[38;5;208m================================================================&amp#27;[0m
09:35:01.595 WARN  [StepNameListener &amp#27;[95m:37&amp#27;[m] &amp#27;[38;5;208mExecuting step: User enters "suzy.ghanem+test32QA@theonevalley.com" in the username field
09:35:01.595 INFO  [StepNameListener &amp#27;[95m:38&amp#27;[m] &amp#27;[38;5;208m================================================================&amp#27;[0m
  
  &amp#27;[32mWhen &amp#27;[0m&amp#27;[32mUser enters &amp#27;[0m&amp#27;[32m&amp#27;[1m"suzy.ghanem+test32QA@theonevalley.com"&amp#27;[0m&amp#27;[32m in the username field&amp#27;[0m    &amp#27;[90m# com.ov.step_definitions.LogInStepDefinition.user_enters_in_the_username_field(java.lang.String)&amp#27;[0m
09:35:01.722 INFO  [Hooks &amp#27;[95m:53&amp#27;[m] &amp#27;[38;5;54m  @after step hook &amp#27;[0m

    Embedding Login_fails_with_invalid_or_empty_email_and_password_combinations_1769103301723 [image/png 81824 bytes]

09:35:01.810 INFO  [Hooks &amp#27;[95m:47&amp#27;[m] &amp#27;[38;5;54m @Before Step Hooks &amp#27;[0m
  
  
09:35:01.811 INFO  [StepNameListener &amp#27;[95m:36&amp#27;[m] &amp#27;[38;5;208m================================================================&amp#27;[0m
09:35:01.811 WARN  [StepNameListener &amp#27;[95m:37&amp#27;[m] &amp#27;[38;5;208mExecuting step: User enters "wrong123" in the password field
09:35:01.812 INFO  [StepNameListener &amp#27;[95m:38&amp#27;[m] &amp#27;[38;5;208m================================================================&amp#27;[0m
  
  &amp#27;[32mAnd &amp#27;[0m&amp#27;[32mUser enters &amp#27;[0m&amp#27;[32m&amp#27;[1m"wrong123"&amp#27;[0m&amp#27;[32m in the password field&amp#27;[0m                                  &amp#27;[90m# com.ov.step_definitions.LogInStepDefinition.user_enters_in_the_password_field(java.lang.String)&amp#27;[0m
09:35:01.931 INFO  [Hooks &amp#27;[95m:53&amp#27;[m] &amp#27;[38;5;54m  @after step hook &amp#27;[0m

    Embedding Login_fails_with_invalid_or_empty_email_and_password_combinations_1769103301932 [image/png 82825 bytes]

09:35:02.022 INFO  [Hooks &amp#27;[95m:47&amp#27;[m] &amp#27;[38;5;54m @Before Step Hooks &amp#27;[0m
  
  
09:35:02.025 INFO  [StepNameListener &amp#27;[95m:36&amp#27;[m] &amp#27;[38;5;208m================================================================&amp#27;[0m
09:35:02.025 WARN  [StepNameListener &amp#27;[95m:37&amp#27;[m] &amp#27;[38;5;208mExecuting step: User clicks on the Login button
09:35:02.025 INFO  [StepNameListener &amp#27;[95m:38&amp#27;[m] &amp#27;[38;5;208m================================================================&amp#27;[0m
  
  &amp#27;[32mAnd &amp#27;[0m&amp#27;[32mUser clicks on the Login button&amp#27;[0m                                               &amp#27;[90m# com.ov.step_definitions.LogInStepDefinition.user_clicks_on_the_login_button()&amp#27;[0m
09:35:12.426 INFO  [Hooks &amp#27;[95m:53&amp#27;[m] &amp#27;[38;5;54m  @after step hook &amp#27;[0m

    Embedding Login_fails_with_invalid_or_empty_email_and_password_combinations_1769103312427 [image/png 86065 bytes]

09:35:12.536 INFO  [Hooks &amp#27;[95m:47&amp#27;[m] &amp#27;[38;5;54m @Before Step Hooks &amp#27;[0m
  
  
09:35:12.537 INFO  [StepNameListener &amp#27;[95m:36&amp#27;[m] &amp#27;[38;5;208m================================================================&amp#27;[0m
09:35:12.538 WARN  [StepNameListener &amp#27;[95m:37&amp#27;[m] &amp#27;[38;5;208mExecuting step: User should see a login error or validation message
09:35:12.538 INFO  [StepNameListener &amp#27;[95m:38&amp#27;[m] &amp#27;[38;5;208m================================================================&amp#27;[0m
  
09:35:12.600 INFO  [LogInStepDefinition &amp#27;[95m:49&amp#27;[m] Login error/validation message displayed: [Wrong email or password]
  &amp#27;[32mThen &amp#27;[0m&amp#27;[32mUser should see a login error or validation message&amp#27;[0m                          &amp#27;[90m# com.ov.step_definitions.LogInStepDefinition.user_should_see_a_login_error_or_validation_message()&amp#27;[0m
09:35:12.601 INFO  [Hooks &amp#27;[95m:53&amp#27;[m] &amp#27;[38;5;54m  @after step hook &amp#27;[0m

    Embedding Login_fails_with_invalid_or_empty_email_and_password_combinations_1769103312602 [image/png 84074 bytes]

09:35:12.706 INFO  [Hooks &amp#27;[95m:47&amp#27;[m] &amp#27;[38;5;54m @Before Step Hooks &amp#27;[0m
  
  
09:35:12.707 INFO  [StepNameListener &amp#27;[95m:36&amp#27;[m] &amp#27;[38;5;208m================================================================&amp#27;[0m
09:35:12.707 WARN  [StepNameListener &amp#27;[95m:37&amp#27;[m] &amp#27;[38;5;208mExecuting step: User should remain on the Login page
09:35:12.707 INFO  [StepNameListener &amp#27;[95m:38&amp#27;[m] &amp#27;[38;5;208m================================================================&amp#27;[0m
  
  &amp#27;[32mAnd &amp#27;[0m&amp#27;[32mUser should remain on the Login page&amp#27;[0m                                          &amp#27;[90m# com.ov.step_definitions.LogInStepDefinition.user_should_remain_on_the_login_page()&amp#27;[0m
09:35:22.747 INFO  [Hooks &amp#27;[95m:53&amp#27;[m] &amp#27;[38;5;54m  @after step hook &amp#27;[0m

    Embedding Login_fails_with_invalid_or_empty_email_and_password_combinations_1769103322747 [image/png 84065 bytes]

09:35:22.803 INFO  [Hooks &amp#27;[95m:61&amp#27;[m] &amp#27;[38;5;54m @after hook &amp#27;[0m
09:35:22.804 INFO  [Hooks &amp#27;[95m:62&amp#27;[m] &amp#27;[32;1m================================================================&amp#27;[0m
09:35:22.804 INFO  [Hooks &amp#27;[95m:64&amp#27;[m] &amp#27;[38;5;54mLogin fails with invalid or empty email and password combinations :- Status - PASSED&amp#27;[0m
09:35:22.804 INFO  [Hooks &amp#27;[95m:65&amp#27;[m] &amp#27;[32;1m================================================================&amp#27;[0m
]]></system-out>
    <system-err><![CDATA[Jan 22, 2026 9:34:50 AM org.openqa.selenium.devtools.CdpVersionFinder findNearestMatch
WARNING: Unable to find CDP implementation matching 144
Jan 22, 2026 9:34:50 AM org.openqa.selenium.chromium.ChromiumDriver lambda$new$4
WARNING: Unable to find version of CDP to use for 144.0.7559.59. You may need to include a dependency on a specific version of the CDP using something similar to `org.seleniumhq.selenium:selenium-devtools-v86:4.35.0` where the version ("v86") matches the version of the chromium-based browser you're using and the version number of the artifact is the same as Selenium's.
]]></system-err>
  </testcase>
</testsuite>